Wed Jun 09 16:10:52 EEST 2021 : Apache Derby Network Server - 10.11.1.2 - (1629631) started and ready to accept connections on port 1527
----------------------------------------------------------------
Wed Jun 09 16:10:52 EEST 2021:
Booting Derby version The Apache Software Foundation - Apache Derby - 10.11.1.2 - (1629631): instance a816c00e-0179-f0e5-a3cf-ffffc7772cc5 
on database directory C:\Users\pc\Desktop\WebApplication1\DataBase with class loader sun.misc.Launcher$AppClassLoader@27c170f0 
Loaded from file:/C:/Program%20Files/Java/jdk1.8.0_111/db/lib/derby.jar
java.vendor=Oracle Corporation
java.runtime.version=1.8.0_111-b14
user.dir=C:\Program Files\Java\jdk1.8.0_111\db
os.name=Windows 10
os.arch=amd64
os.version=10.0
derby.system.home=C:\Users\pc\Desktop\WebApplication1
Database Class Loader started - derby.database.classpath=''
----------------------------------------------------------------
Wed Jun 09 16:16:48 EEST 2021: Shutting down Derby engine
----------------------------------------------------------------
Wed Jun 09 16:16:48 EEST 2021:
Shutting down instance a816c00e-0179-f0e5-a3cf-ffffc7772cc5 on database directory C:\Users\pc\Desktop\WebApplication1\DataBase with class loader sun.misc.Launcher$AppClassLoader@27c170f0 
----------------------------------------------------------------
